<?xml version="1.0" encoding="UTF-8"?>
<!-- Generated by org.testng.reporters.JUnitReportReporter -->
<testsuite hostname="DESKTOP-R7EPNE4" failures="0" tests="3" name="TestPackage.sortingtest" time="18.928" errors="0" timestamp="2024-08-02T00:30:36 IST" skipped="0">
  <testcase classname="TestPackage.sortingtest" name="SignINTest" time="10.982"/>
  <system-out/>
  <testcase classname="TestPackage.sortingtest" name="clickOnYogaTest" time="2.662"/>
  <system-out/>
  <testcase classname="TestPackage.sortingtest" name="sortByTest" time="5.284"/>
  <system-out/>
</testsuite> <!-- TestPackage.sortingtest -->
