<?xml version="1.0" encoding="UTF-8"?>
<!-- Generated by org.testng.reporters.JUnitReportReporter -->
<testsuite hostname="DESKTOP-R7EPNE4" failures="0" tests="4" name="TestPackage.AddAddressTest" time="30.499" errors="0" timestamp="2024-07-31T23:26:52 IST" skipped="0">
  <testcase classname="TestPackage.AddAddressTest" name="SignINTest" time="11.834"/>
  <system-out/>
  <testcase classname="TestPackage.AddAddressTest" name="clickOnWelcomeTest" time="8.204"/>
  <system-out/>
  <testcase classname="TestPackage.AddAddressTest" name="clickOnAddressTest" time="4.856"/>
  <system-out/>
  <testcase classname="TestPackage.AddAddressTest" name="saveAddressTest" time="5.605"/>
  <system-out/>
</testsuite> <!-- TestPackage.AddAddressTest -->
