<?xml version="1.0" encoding="UTF-8"?>
<!-- Generated by org.testng.reporters.JUnitReportReporter -->
<testsuite hostname="DESKTOP-R7EPNE4" failures="0" tests="3" name="TestPackage.DeleteFromCartTest" time="22.417" errors="0" timestamp="2024-07-29T22:55:07 IST" skipped="1">
  <testcase classname="TestPackage.DeleteFromCartTest" name="SignINTest" time="17.794"/>
  <system-out/>
  <testcase classname="TestPackage.DeleteFromCartTest" name="VerifyDeletefromCartTest" time="4.623"/>
  <system-out/>
  <testcase classname="TestPackage.DeleteFromCartTest" name="VerifyAddtoCartTest">
    <skipped/>
  </testcase> <!-- VerifyAddtoCartTest -->
  <system-out/>
</testsuite> <!-- TestPackage.DeleteFromCartTest -->
