<?xml version="1.0" encoding="UTF-8"?>
<!-- Generated by org.testng.reporters.JUnitReportReporter -->
<testsuite hostname="DESKTOP-R7EPNE4" failures="0" tests="2" name="TestPackage.SearchFunctionTest" time="33.763" errors="0" timestamp="2024-07-29T00:04:40 IST" skipped="0">
  <testcase classname="TestPackage.SearchFunctionTest" name="SignINTest" time="15.905"/>
  <system-out/>
  <testcase classname="TestPackage.SearchFunctionTest" name="VerifySerach" time="17.858"/>
  <system-out/>
</testsuite> <!-- TestPackage.SearchFunctionTest -->
