<?xml version="1.0" encoding="UTF-8"?>
<!-- Generated by org.testng.reporters.JUnitReportReporter -->
<testsuite hostname="DESKTOP-R7EPNE4" failures="0" tests="2" name="TestPackage.CreateAccountTest" time="21.027" errors="0" timestamp="2024-07-31T22:54:38 IST" skipped="0">
  <testcase classname="TestPackage.CreateAccountTest" name="createAccTest" time="15.988"/>
  <system-out/>
  <testcase classname="TestPackage.CreateAccountTest" name="verifyAcctPageTitleTest" time="5.039"/>
  <system-out/>
</testsuite> <!-- TestPackage.CreateAccountTest -->
