<?xml version="1.0" encoding="UTF-8"?>
<!-- Generated by org.testng.reporters.JUnitReportReporter -->
<testsuite hostname="DESKTOP-R7EPNE4" failures="0" tests="2" name="TestPackage.AddtocartTest" time="26.813" errors="0" timestamp="2024-07-31T23:33:45 IST" skipped="0">
  <testcase classname="TestPackage.AddtocartTest" name="SignINTest" time="11.503"/>
  <system-out/>
  <testcase classname="TestPackage.AddtocartTest" name="VerifyAddtoCartTest" time="15.310"/>
  <system-out/>
</testsuite> <!-- TestPackage.AddtocartTest -->
