<?xml version="1.0" encoding="UTF-8"?>
<!-- Generated by org.testng.reporters.JUnitReportReporter -->
<testsuite hostname="DESKTOP-R7EPNE4" failures="0" tests="3" name="TestPackage.AddToWishlistTest" time="35.433" errors="0" timestamp="2024-07-27T13:50:38 IST" skipped="0">
  <testcase classname="TestPackage.AddToWishlistTest" name="SignINTest" time="16.144"/>
  <system-out/>
  <testcase classname="TestPackage.AddToWishlistTest" name="VerifyAddtoWishlistTest" time="14.267"/>
  <system-out/>
  <testcase classname="TestPackage.AddToWishlistTest" name="VerifyWishListTitleTest" time="5.022"/>
  <system-out/>
</testsuite> <!-- TestPackage.AddToWishlistTest -->
