<?xml version="1.0" encoding="UTF-8"?>
<!-- Generated by org.testng.reporters.JUnitReportReporter -->
<testsuite hostname="DESKTOP-R7EPNE4" failures="0" tests="4" name="TestPackage.ProceedToCheckOutTest" time="47.464" errors="0" timestamp="2024-08-01T23:00:53 IST" skipped="0">
  <testcase classname="TestPackage.ProceedToCheckOutTest" name="SignINTest" time="12.247"/>
  <system-out/>
  <testcase classname="TestPackage.ProceedToCheckOutTest" name="VerifyAddtoCartTest" time="10.304"/>
  <system-out/>
  <testcase classname="TestPackage.ProceedToCheckOutTest" name="VerifyCheckoutClickTest" time="3.278"/>
  <system-out/>
  <testcase classname="TestPackage.ProceedToCheckOutTest" name="checkoutpageTest" time="21.635"/>
  <system-out/>
</testsuite> <!-- TestPackage.ProceedToCheckOutTest -->
