<?xml version="1.0" encoding="UTF-8"?>
<!-- Generated by org.testng.reporters.JUnitReportReporter -->
<testsuite hostname="DESKTOP-R7EPNE4" failures="0" tests="1" name="com.luma.createacc.CreateAccountTest" time="12.411" errors="0" timestamp="2024-07-25T22:08:19 IST" skipped="0">
  <testcase classname="com.luma.createacc.CreateAccountTest" name="createAccTest" time="12.411"/>
  <system-out/>
</testsuite> <!-- com.luma.createacc.CreateAccountTest -->
