<?xml version="1.0" encoding="UTF-8"?>
<!-- Generated by org.testng.reporters.JUnitReportReporter -->
<testsuite hostname="DESKTOP-R7EPNE4" failures="0" tests="2" name="TestPackage.EditAddToCartTest" time="22.099" errors="0" timestamp="2024-07-26T23:14:15 IST" skipped="0">
  <testcase classname="TestPackage.EditAddToCartTest" name="SignINTest" time="15.588"/>
  <system-out/>
  <testcase classname="TestPackage.EditAddToCartTest" name="EditCartTest" time="6.511"/>
  <system-out/>
</testsuite> <!-- TestPackage.EditAddToCartTest -->
