<?xml version="1.0" encoding="UTF-8"?>
<!-- Generated by org.testng.reporters.JUnitReportReporter -->
<testsuite hostname="DESKTOP-R7EPNE4" failures="0" tests="2" name="TestPackage.SignoutTest" time="15.967" errors="0" timestamp="2024-07-31T22:52:01 IST" skipped="0">
  <testcase classname="TestPackage.SignoutTest" name="SignINTest" time="10.580"/>
  <system-out/>
  <testcase classname="TestPackage.SignoutTest" name="VerifySignoutTest" time="5.387"/>
  <system-out/>
</testsuite> <!-- TestPackage.SignoutTest -->
